<?xml version="1.0" encoding="UTF-8"?>
<testsuite xmlns:xsi="http://www.w3.org/2001/XMLSchema-instance" xsi:noNamespaceSchemaLocation="https://maven.apache.org/surefire/maven-surefire-plugin/xsd/surefire-test-report-3.0.xsd" version="3.0" name="com.aravind.jenkins.CalculatorTest" time="0.048" tests="3" errors="0" skipped="1" failures="0">
  <properties>
[...]
</properties>
  <testcase name="testAdd" classname="com.aravind.jenkins.CalculatorTest" time="0.028">
    <system-out><![CDATA[Test finished
]]></system-out>
  </testcase>
  <testcase name="testSub" classname="com.aravind.jenkins.CalculatorTest" time="0.001">
    <system-out><![CDATA[Test finished
]]></system-out>
  </testcase>
  <testcase name="testSubNegativeResult" classname="com.aravind.jenkins.CalculatorTest" time="0.0">
    <skipped message="disabled until bug#1 is fixed"/>
  </testcase>
</testsuite>